This file contains any messages produced by compilers while
running configure, to aid debugging if configure makes a mistake.

It was created by Bitcoin Core configure 0.13.99, which was
generated by GNU Autoconf 2.63.  Invocation command line was

  $ ./configure --prefix=/home/bitcoind/bitcoind --with-boost=/home/bitcoind/bitcoind/deps

## --------- ##
## Platform. ##
## --------- ##

hostname = 198-1-95-122.bluehost-ob.net
uname -m = x86_64
uname -r = 2.6.32-642.11.1.el6.x86_64
uname -s = Linux
uname -v = #1 SMP Fri Nov 18 19:25:05 UTC 2016

/usr/bin/uname -p = unknown
/bin/uname -X     = unknown

/bin/arch              = x86_64
/usr/bin/arch -k       = unknown
/usr/convex/getsysinfo = unknown
/usr/bin/hostinfo      = unknown
/bin/machine           = unknown
/usr/bin/oslevel       = unknown
/bin/universe          = unknown

PATH: /usr/local/sbin
PATH: /usr/local/bin
PATH: /sbin
PATH: /bin
PATH: /usr/sbin
PATH: /usr/bin
PATH: /opt/cpanel/composer/bin
PATH: /root/bin


## ----------- ##
## Core tests. ##
## ----------- ##


## ---------------- ##
## Cache variables. ##
## ---------------- ##

ac_cv_env_CCC_set=
ac_cv_env_CCC_value=
ac_cv_env_CC_set=
ac_cv_env_CC_value=
ac_cv_env_CFLAGS_set=
ac_cv_env_CFLAGS_value=
ac_cv_env_CPPFLAGS_set=set
ac_cv_env_CPPFLAGS_value=-I/home/bitcoind/bitcoind/deps/include
ac_cv_env_CPP_set=
ac_cv_env_CPP_value=
ac_cv_env_CXXCPP_set=
ac_cv_env_CXXCPP_value=
ac_cv_env_CXXFLAGS_set=
ac_cv_env_CXXFLAGS_value=
ac_cv_env_CXX_set=
ac_cv_env_CXX_value=
ac_cv_env_LDFLAGS_set=set
ac_cv_env_LDFLAGS_value=-L/home/bitcoind/bitcoind/deps/lib
ac_cv_env_LIBS_set=set
ac_cv_env_LIBS_value='-lssl -lcrypto'
ac_cv_env_PKG_CONFIG_set=
ac_cv_env_PKG_CONFIG_value=
ac_cv_env_PYTHONPATH_set=
ac_cv_env_PYTHONPATH_value=
ac_cv_env_build_alias_set=
ac_cv_env_build_alias_value=
ac_cv_env_host_alias_set=
ac_cv_env_host_alias_value=
ac_cv_env_target_alias_set=
ac_cv_env_target_alias_value=

## ----------------- ##
## Output variables. ##
## ----------------- ##

ACLOCAL=''
AMDEPBACKSLASH=''
AMDEP_FALSE=''
AMDEP_TRUE=''
AMTAR=''
AM_BACKSLASH=''
AM_DEFAULT_VERBOSITY=''
AR=''
AUTOCONF=''
AUTOHEADER=''
AUTOMAKE=''
AWK=''
BITCOIN_CLI_NAME=''
BITCOIN_DAEMON_NAME=''
BITCOIN_GUI_NAME=''
BITCOIN_TX_NAME=''
BOOST_LIBS=''
BREW=''
BUILD_BITCOIND_FALSE=''
BUILD_BITCOIND_TRUE=''
BUILD_BITCOIN_LIBS_FALSE=''
BUILD_BITCOIN_LIBS_TRUE=''
BUILD_BITCOIN_UTILS_FALSE=''
BUILD_BITCOIN_UTILS_TRUE=''
BUILD_DARWIN_FALSE=''
BUILD_DARWIN_TRUE=''
CC=''
CCACHE=''
CCDEPMODE=''
CFLAGS=''
CLIENT_VERSION_BUILD=''
CLIENT_VERSION_IS_RELEASE=''
CLIENT_VERSION_MAJOR=''
CLIENT_VERSION_MINOR=''
CLIENT_VERSION_REVISION=''
COPYRIGHT_HOLDERS=''
COPYRIGHT_HOLDERS_FINAL=''
COPYRIGHT_HOLDERS_SUBSTITUTION=''
COPYRIGHT_YEAR=''
CPP=''
CPPFILT=''
CPPFLAGS='-I/home/bitcoind/bitcoind/deps/include'
CRYPTO_LIBS='-L/home/bitcoind/bitcoind/deps/lib'
CXX=''
CXXCPP=''
CXXDEPMODE=''
CXXFLAGS=''
CYGPATH_W=''
DEFS=''
DEPDIR=''
DSYMUTIL=''
DUMPBIN=''
ECHO_C=''
ECHO_N='-n'
ECHO_T=''
EGREP=''
EMBEDDED_LEVELDB_FALSE=''
EMBEDDED_LEVELDB_TRUE=''
EMBEDDED_UNIVALUE_FALSE=''
EMBEDDED_UNIVALUE_TRUE=''
ENABLE_BENCH_FALSE=''
ENABLE_BENCH_TRUE=''
ENABLE_MAN_FALSE=''
ENABLE_MAN_TRUE=''
ENABLE_QT_FALSE=''
ENABLE_QT_TESTS_FALSE=''
ENABLE_QT_TESTS_TRUE=''
ENABLE_QT_TRUE=''
ENABLE_TESTS_FALSE=''
ENABLE_TESTS_TRUE=''
ENABLE_WALLET_FALSE=''
ENABLE_WALLET_TRUE=''
ENABLE_ZMQ_FALSE=''
ENABLE_ZMQ_TRUE=''
EVENT_LIBS=''
EVENT_PTHREADS_LIBS=''
EXEEXT=''
EXTENDED_RPC_TESTS=''
FGREP=''
GCOV=''
GENHTML=''
GENISOIMAGE=''
GIT=''
GLIBC_BACK_COMPAT_FALSE=''
GLIBC_BACK_COMPAT_TRUE=''
GREP=''
HARDENED_CPPFLAGS=''
HARDENED_CXXFLAGS=''
HARDENED_LDFLAGS=''
HARDEN_FALSE=''
HARDEN_TRUE=''
HEXDUMP=''
IMAGEMAGICK_CONVERT=''
INSTALLNAMETOOL=''
INSTALL_DATA=''
INSTALL_PROGRAM=''
INSTALL_SCRIPT=''
INSTALL_STRIP_PROGRAM=''
LCOV=''
LD=''
LDFLAGS='-L/home/bitcoind/bitcoind/deps/lib'
LEVELDB_CPPFLAGS=''
LEVELDB_TARGET_FLAGS=''
LIBLEVELDB=''
LIBMEMENV=''
LIBOBJS=''
LIBS='-lssl -lcrypto'
LIBTOOL=''
LIBTOOL_APP_LDFLAGS=''
LIPO=''
LN_S=''
LTLIBOBJS=''
MAINT=''
MAINTAINER_MODE_FALSE=''
MAINTAINER_MODE_TRUE=''
MAKEINFO=''
MAKENSIS=''
MINIUPNPC_CPPFLAGS=''
MINIUPNPC_LIBS=''
MKDIR_P=''
NM=''
NMEDIT=''
OBJCOPY=''
OBJDUMP=''
OBJEXT=''
OTOOL64=''
OTOOL=''
PACKAGE=''
PACKAGE_BUGREPORT='https://github.com/bitcoin/bitcoin/issues'
PACKAGE_NAME='Bitcoin Core'
PACKAGE_STRING='Bitcoin Core 0.13.99'
PACKAGE_TARNAME='bitcoin'
PACKAGE_VERSION='0.13.99'
PATH_SEPARATOR=':'
PIC_FLAGS=''
PIE_FLAGS=''
PKG_CONFIG=''
PORT=''
PROTOBUF_LIBS=''
PYTHON=''
PYTHONPATH=''
QR_LIBS=''
RANLIB=''
READELF=''
RELDFLAGS=''
RSVG_CONVERT=''
SED=''
SET_MAKE=''
SHELL='/bin/sh'
SSL_LIBS='-L/home/bitcoind/bitcoind/deps/lib'
STRIP=''
TARGET_DARWIN_FALSE=''
TARGET_DARWIN_TRUE=''
TARGET_WINDOWS_FALSE=''
TARGET_WINDOWS_TRUE=''
TESTDEFS=''
TIFFCP=''
UNIVALUE_CFLAGS=''
UNIVALUE_LIBS=''
USE_LCOV_FALSE=''
USE_LCOV_TRUE=''
USE_QRCODE=''
USE_QRCODE_FALSE=''
USE_QRCODE_TRUE=''
USE_UPNP=''
VERSION=''
WINDOWS_BITS=''
WINDRES=''
XGETTEXT=''
ZMQ_LIBS=''
ac_ct_CC=''
ac_ct_CXX=''
ac_ct_DUMPBIN=''
am__EXEEXT_FALSE=''
am__EXEEXT_TRUE=''
am__fastdepCC_FALSE=''
am__fastdepCC_TRUE=''
am__fastdepCXX_FALSE=''
am__fastdepCXX_TRUE=''
am__include=''
am__isrc=''
am__leading_dot=''
am__quote=''
am__tar=''
am__untar=''
bindir='${exec_prefix}/bin'
build=''
build_alias=''
build_cpu=''
build_os=''
build_vendor=''
datadir='${datarootdir}'
datarootdir='${prefix}/share'
docdir='${datarootdir}/doc/${PACKAGE_TARNAME}'
dvidir='${docdir}'
exec_prefix='NONE'
host=''
host_alias=''
host_cpu=''
host_os=''
host_vendor=''
htmldir='${docdir}'
includedir='${prefix}/include'
infodir='${datarootdir}/info'
install_sh=''
libdir='${exec_prefix}/lib'
libexecdir='${exec_prefix}/libexec'
localedir='${datarootdir}/locale'
localstatedir='${prefix}/var'
lt_ECHO='echo'
mandir='${datarootdir}/man'
mkdir_p=''
oldincludedir='/usr/include'
pdfdir='${docdir}'
prefix='/home/bitcoind/bitcoind'
program_transform_name='s,x,x,'
psdir='${docdir}'
sbindir='${exec_prefix}/sbin'
sharedstatedir='${prefix}/com'
subdirs=''
sysconfdir='${prefix}/etc'
target_alias=''

## ----------- ##
## confdefs.h. ##
## ----------- ##

#define PACKAGE_NAME "Bitcoin Core"
#define PACKAGE_TARNAME "bitcoin"
#define PACKAGE_VERSION "0.13.99"
#define PACKAGE_STRING "Bitcoin Core 0.13.99"
#define PACKAGE_BUGREPORT "https://github.com/bitcoin/bitcoin/issues"

configure: exit 2
